Arguments: 
  /Users/svenblanke/.nvm/versions/node/v10.16.3/bin/node /usr/local/Cellar/yarn/1.21.1/libexec/bin/yarn.js install

PATH: 
  /Users/svenblanke/.nvm/versions/node/v10.16.3/bin:/Users/svenblanke/.sdkman/candidates/micronaut/current/bin:/Users/svenblanke/.sdkman/candidates/grails/current/bin:/usr/local/bin:/usr/bin:/bin:/usr/sbin:/sbin:/usr/local/MacGPG2/bin:/Applications/Little Snitch.app/Contents/Components:/opt/X11/bin:/Library/Apple/usr/bin

Yarn version: 
  1.21.1

Node version: 
  10.16.3

Platform: 
  darwin x64

Trace: 
  Error: getaddrinfo ENOTFOUND registry.yarnpkg.com registry.yarnpkg.com:443
      at GetAddrInfoReqWrap.onlookup [as oncomplete] (dns.js:56:26)

npm manifest: 
  {
    "name": "gatsby-starter-default",
    "private": true,
    "description": "A simple starter to get up and developing quickly with Gatsby",
    "version": "0.1.0",
    "author": "Kyle Mathews <mathews.kyle@gmail.com>",
    "dependencies": {
      "@blocks/kit": "0.0.28",
      "@emotion/core": "^10.0.28",
      "gatsby": "^2.30.2",
      "gatsby-image": "^2.9.0",
      "gatsby-plugin-manifest": "^2.4.5",
      "gatsby-plugin-offline": "^3.2.3",
      "gatsby-plugin-react-helmet": "^3.3.1",
      "gatsby-plugin-sharp": "^2.12.1",
      "gatsby-source-filesystem": "^2.3.4",
      "gatsby-source-strapi": "^0.0.12",
      "gatsby-transformer-sharp": "^2.10.1",
      "moment": "^2.26.0",
      "prop-types": "^15.7.2",
      "react": "^16.12.0",
      "react-dom": "^16.12.0",
      "react-helmet": "^6.0.0",
      "react-markdown": "^4.3.1",
      "react-moment": "^0.9.7",
      "sharp": "^0.25.4"
    },
    "devDependencies": {
      "@typescript-eslint/eslint-plugin": "2.x",
      "@typescript-eslint/parser": "2.x",
      "babel-eslint": "10.x",
      "eslint": "6.x",
      "eslint-config-prettier": "^6.11.0",
      "eslint-config-react-app": "^5.2.1",
      "eslint-plugin-flowtype": "4.x",
      "eslint-plugin-import": "2.x",
      "eslint-plugin-jsx-a11y": "6.x",
      "eslint-plugin-prettier": "^3.1.4",
      "eslint-plugin-react": "7.x",
      "eslint-plugin-react-hooks": "2.x",
      "prettier": "^2.1.1"
    },
    "keywords": [
      "gatsby"
    ],
    "license": "MIT",
    "scripts": {
      "build": "gatsby build",
      "develop": "gatsby develop",
      "dev": "npm run develop",
      "lint": "eslint ./src",
      "lint:fix": "eslint ./src --fix",
      "start": "npm run develop",
      "serve": "gatsby serve",
      "clean": "gatsby clean",
      "test": "echo \"Write tests! -> https://gatsby.dev/unit-testing\" && exit 1"
    },
    "repository": {
      "type": "git",
      "url": "https://github.com/gatsbyjs/gatsby-starter-default"
    },
    "bugs": {
      "url": "https://github.com/gatsbyjs/gatsby/issues"
    }
  }

yarn manifest: 
  No manifest

Lockfile: 
  No lockfile
